  Engine.cpp
C:\Users\w1553109\source\repos\Particles\Particle.h(5,45): warning C4305: 'initializing': truncation from 'double' to 'float'
C:\Users\w1553109\source\repos\Particles\Particle.h(8,26): warning C4305: 'initializing': truncation from 'double' to 'float'
C:\Users\w1553109\source\repos\Particles\Engine.cpp(28,10): warning C4244: 'argument': conversion from 'double' to 'float', possible loss of data
C:\Users\w1553109\source\repos\Particles\Engine.cpp(45,21): warning C4244: 'initializing': conversion from 'int' to 'float', possible loss of data
C:\Users\w1553109\source\repos\Particles\Engine.cpp(46,26): warning C4244: 'argument': conversion from 'float' to 'int', possible loss of data
C:\Users\w1553109\source\repos\Particles\Engine.cpp(78,20): warning C4018: '<': signed/unsigned mismatch
  main.cpp
C:\Users\w1553109\source\repos\Particles\Particle.h(5,45): warning C4305: 'initializing': truncation from 'double' to 'float'
C:\Users\w1553109\source\repos\Particles\Particle.h(8,26): warning C4305: 'initializing': truncation from 'double' to 'float'
  Matrix.cpp
C:\Users\w1553109\source\repos\Particles\Matrix.cpp(13,30): warning C4018: '<': signed/unsigned mismatch
C:\Users\w1553109\source\repos\Particles\Matrix.cpp(16,34): warning C4018: '<': signed/unsigned mismatch
  Particle.cpp
C:\Users\w1553109\source\repos\Particles\Particle.h(5,45): warning C4305: 'initializing': truncation from 'double' to 'float'
C:\Users\w1553109\source\repos\Particles\Particle.h(8,26): warning C4305: 'initializing': truncation from 'double' to 'float'
C:\Users\w1553109\source\repos\Particles\Particle.cpp(9,57): warning C4244: 'argument': conversion from 'double' to 'float', possible loss of data
C:\Users\w1553109\source\repos\Particles\Particle.cpp(9,46): warning C4244: 'argument': conversion from 'T' to 'float', possible loss of data
          with
          [
              T=unsigned int
          ]
C:\Users\w1553109\source\repos\Particles\Particle.cpp(11,25): warning C4244: '=': conversion from 'int' to 'float', possible loss of data
C:\Users\w1553109\source\repos\Particles\Particle.cpp(12,25): warning C4244: '=': conversion from 'int' to 'float', possible loss of data
C:\Users\w1553109\source\repos\Particles\Particle.cpp(39,89): warning C4244: 'argument': conversion from 'const double' to 'T', possible loss of data
          with
          [
              T=float
          ]
C:\Users\w1553109\source\repos\Particles\Particle.cpp(39,74): warning C4244: 'argument': conversion from 'const double' to 'T', possible loss of data
          with
          [
              T=float
          ]
C:\Users\w1553109\source\repos\Particles\Particle.cpp(67,35): warning C4244: '+=': conversion from 'double' to 'T', possible loss of data
          with
          [
              T=float
          ]
C:\Users\w1553109\source\repos\Particles\Particle.cpp(68,35): warning C4244: '+=': conversion from 'double' to 'T', possible loss of data
          with
          [
              T=float
          ]
  Generating Code...
Engine.obj : error LNK2019: unresolved external symbol "__declspec(dllimport) public: float __thiscall sf::Time::asSeconds(void)const " (__imp_?asSeconds@Time@sf@@QBEMXZ) referenced in function "public: void __thiscall Engine::run(void)" (?run@Engine@@QAEXXZ)
Engine.obj : error LNK2019: unresolved external symbol "__declspec(dllimport) public: __thiscall sf::Clock::Clock(void)" (__imp_??0Clock@sf@@QAE@XZ) referenced in function "public: void __thiscall Engine::run(void)" (?run@Engine@@QAEXXZ)
Engine.obj : error LNK2019: unresolved external symbol "__declspec(dllimport) public: class sf::Time __thiscall sf::Clock::restart(void)" (__imp_?restart@Clock@sf@@QAE?AVTime@2@XZ) referenced in function "public: void __thiscall Engine::run(void)" (?run@Engine@@QAEXXZ)
Engine.obj : error LNK2019: unresolved external symbol "__declspec(dllimport) public: __thiscall sf::String::String(char const *,class std::locale const &)" (__imp_??0String@sf@@QAE@PBDABVlocale@std@@@Z) referenced in function "public: __thiscall Engine::Engine(void)" (??0Engine@@QAE@XZ)
Engine.obj : error LNK2019: unresolved external symbol "__declspec(dllimport) public: __thiscall sf::String::~String(void)" (__imp_??1String@sf@@QAE@XZ) referenced in function "public: __thiscall Engine::Engine(void)" (??0Engine@@QAE@XZ)
Engine.obj : error LNK2019: unresolved external symbol "__declspec(dllimport) public: static bool __cdecl sf::Keyboard::isKeyPressed(enum sf::Keyboard::Key)" (__imp_?isKeyPressed@Keyboard@sf@@SA_NW4Key@12@@Z) referenced in function "private: void __thiscall Engine::input(void)" (?input@Engine@@AAEXXZ)
Engine.obj : error LNK2019: unresolved external symbol "__declspec(dllimport) public: static class sf::Vector2<int> __cdecl sf::Mouse::getPosition(class sf::Window const &)" (__imp_?getPosition@Mouse@sf@@SA?AV?$Vector2@H@2@ABVWindow@2@@Z) referenced in function "private: void __thiscall Engine::input(void)" (?input@Engine@@AAEXXZ)
Engine.obj : error LNK2019: unresolved external symbol "__declspec(dllimport) public: __thiscall sf::VideoMode::VideoMode(unsigned int,unsigned int,unsigned int)" (__imp_??0VideoMode@sf@@QAE@III@Z) referenced in function "public: __thiscall Engine::Engine(void)" (??0Engine@@QAE@XZ)
Engine.obj : error LNK2019: unresolved external symbol "__declspec(dllimport) public: static class sf::VideoMode __cdecl sf::VideoMode::getDesktopMode(void)" (__imp_?getDesktopMode@VideoMode@sf@@SA?AV12@XZ) referenced in function "public: __thiscall Engine::Engine(void)" (??0Engine@@QAE@XZ)
Engine.obj : error LNK2019: unresolved external symbol "__declspec(dllimport) public: void __thiscall sf::Window::create(class sf::VideoMode,class sf::String const &,unsigned int,struct sf::ContextSettings const &)" (__imp_?create@Window@sf@@QAEXVVideoMode@2@ABVString@2@IABUContextSettings@2@@Z) referenced in function "public: __thiscall Engine::Engine(void)" (??0Engine@@QAE@XZ)
Engine.obj : error LNK2019: unresolved external symbol "__declspec(dllimport) public: void __thiscall sf::Window::close(void)" (__imp_?close@Window@sf@@QAEXXZ) referenced in function "private: void __thiscall Engine::input(void)" (?input@Engine@@AAEXXZ)
Engine.obj : error LNK2019: unresolved external symbol "__declspec(dllimport) public: bool __thiscall sf::Window::isOpen(void)const " (__imp_?isOpen@Window@sf@@QBE_NXZ) referenced in function "public: void __thiscall Engine::run(void)" (?run@Engine@@QAEXXZ)
Engine.obj : error LNK2019: unresolved external symbol "__declspec(dllimport) public: bool __thiscall sf::Window::pollEvent(class sf::Event &)" (__imp_?pollEvent@Window@sf@@QAE_NAAVEvent@2@@Z) referenced in function "private: void __thiscall Engine::input(void)" (?input@Engine@@AAEXXZ)
Engine.obj : error LNK2019: unresolved external symbol "__declspec(dllimport) public: void __thiscall sf::Window::display(void)" (__imp_?display@Window@sf@@QAEXXZ) referenced in function "private: void __thiscall Engine::draw(void)" (?draw@Engine@@AAEXXZ)
Engine.obj : error LNK2019: unresolved external symbol "__declspec(dllimport) public: virtual __thiscall sf::Drawable::~Drawable(void)" (__imp_??1Drawable@sf@@UAE@XZ) referenced in function __unwindfunclet$??0Particle@@QAE@ABV0@@Z$0
Particle.obj : error LNK2001: unresolved external symbol "__declspec(dllimport) public: virtual __thiscall sf::Drawable::~Drawable(void)" (__imp_??1Drawable@sf@@UAE@XZ)
Engine.obj : error LNK2019: unresolved external symbol "__declspec(dllimport) public: __thiscall sf::Drawable::Drawable(class sf::Drawable const &)" (__imp_??0Drawable@sf@@QAE@ABV01@@Z) referenced in function "public: __thiscall Particle::Particle(class Particle &&)" (??0Particle@@QAE@$$QAV0@@Z)
Engine.obj : error LNK2019: unresolved external symbol "__declspec(dllimport) public: class sf::Drawable & __thiscall sf::Drawable::operator=(class sf::Drawable const &)" (__imp_??4Drawable@sf@@QAEAAV01@ABV01@@Z) referenced in function "public: class Particle & __thiscall Particle::operator=(class Particle &&)" (??4Particle@@QAEAAV0@$$QAV0@@Z)
Engine.obj : error LNK2019: unresolved external symbol "__declspec(dllimport) public: __thiscall sf::Color::Color(unsigned char,unsigned char,unsigned char,unsigned char)" (__imp_??0Color@sf@@QAE@EEEE@Z) referenced in function "private: void __thiscall Engine::draw(void)" (?draw@Engine@@AAEXXZ)
Engine.obj : error LNK2019: unresolved external symbol "__declspec(dllimport) public: void __thiscall sf::RenderTarget::clear(class sf::Color const &)" (__imp_?clear@RenderTarget@sf@@QAEXABVColor@2@@Z) referenced in function "private: void __thiscall Engine::draw(void)" (?draw@Engine@@AAEXXZ)
Engine.obj : error LNK2019: unresolved external symbol "__declspec(dllimport) public: void __thiscall sf::RenderTarget::draw(class sf::Drawable const &,class sf::RenderStates const &)" (__imp_?draw@RenderTarget@sf@@QAEXABVDrawable@2@ABVRenderStates@2@@Z) referenced in function "private: void __thiscall Engine::draw(void)" (?draw@Engine@@AAEXXZ)
Particle.obj : error LNK2001: unresolved external symbol "__declspec(dllimport) public: void __thiscall sf::RenderTarget::draw(class sf::Drawable const &,class sf::RenderStates const &)" (__imp_?draw@RenderTarget@sf@@QAEXABVDrawable@2@ABVRenderStates@2@@Z)
Engine.obj : error LNK2019: unresolved external symbol "__declspec(dllimport) public: __thiscall sf::RenderWindow::RenderWindow(void)" (__imp_??0RenderWindow@sf@@QAE@XZ) referenced in function "public: __thiscall Engine::Engine(void)" (??0Engine@@QAE@XZ)
Engine.obj : error LNK2019: unresolved external symbol "__declspec(dllimport) public: virtual __thiscall sf::RenderWindow::~RenderWindow(void)" (__imp_??1RenderWindow@sf@@UAE@XZ) referenced in function __unwindfunclet$??0Engine@@QAE@XZ$0
main.obj : error LNK2001: unresolved external symbol "__declspec(dllimport) public: virtual __thiscall sf::RenderWindow::~RenderWindow(void)" (__imp_??1RenderWindow@sf@@UAE@XZ)
Engine.obj : error LNK2019: unresolved external symbol "__declspec(dllimport) public: static class sf::RenderStates const sf::RenderStates::Default" (__imp_?Default@RenderStates@sf@@2V12@B) referenced in function "private: void __thiscall Engine::draw(void)" (?draw@Engine@@AAEXXZ)
Particle.obj : error LNK2001: unresolved external symbol "__declspec(dllimport) public: static class sf::RenderStates const sf::RenderStates::Default" (__imp_?Default@RenderStates@sf@@2V12@B)
Particle.obj : error LNK2019: unresolved external symbol "__declspec(dllimport) public: __thiscall sf::Drawable::Drawable(void)" (__imp_??0Drawable@sf@@QAE@XZ) referenced in function "public: __thiscall Particle::Particle(class sf::RenderTarget &,int,class sf::Vector2<int>)" (??0Particle@@QAE@AAVRenderTarget@sf@@HV?$Vector2@H@2@@Z)
Particle.obj : error LNK2019: unresolved external symbol "__declspec(dllimport) public: __thiscall sf::Color::Color(void)" (__imp_??0Color@sf@@QAE@XZ) referenced in function "public: __thiscall Particle::Particle(class sf::RenderTarget &,int,class sf::Vector2<int>)" (??0Particle@@QAE@AAVRenderTarget@sf@@HV?$Vector2@H@2@@Z)
Particle.obj : error LNK2019: unresolved external symbol "__declspec(dllimport) public: __thiscall sf::VertexArray::VertexArray(enum sf::PrimitiveType,unsigned int)" (__imp_??0VertexArray@sf@@QAE@W4PrimitiveType@1@I@Z) referenced in function "public: virtual void __thiscall Particle::draw(class sf::RenderTarget &,class sf::RenderStates)const " (?draw@Particle@@UBEXAAVRenderTarget@sf@@VRenderStates@3@@Z)
Particle.obj : error LNK2019: unresolved external symbol "__declspec(dllimport) public: class sf::Vertex & __thiscall sf::VertexArray::operator[](unsigned int)" (__imp_??AVertexArray@sf@@QAEAAVVertex@1@I@Z) referenced in function "public: virtual void __thiscall Particle::draw(class sf::RenderTarget &,class sf::RenderStates)const " (?draw@Particle@@UBEXAAVRenderTarget@sf@@VRenderStates@3@@Z)
Particle.obj : error LNK2019: unresolved external symbol "__declspec(dllimport) public: void __thiscall sf::VertexArray::resize(unsigned int)" (__imp_?resize@VertexArray@sf@@QAEXI@Z) referenced in function "public: virtual void __thiscall Particle::draw(class sf::RenderTarget &,class sf::RenderStates)const " (?draw@Particle@@UBEXAAVRenderTarget@sf@@VRenderStates@3@@Z)
Particle.obj : error LNK2019: unresolved external symbol "__declspec(dllimport) public: virtual __thiscall sf::VertexArray::~VertexArray(void)" (__imp_??1VertexArray@sf@@UAE@XZ) referenced in function "public: virtual void __thiscall Particle::draw(class sf::RenderTarget &,class sf::RenderStates)const " (?draw@Particle@@UBEXAAVRenderTarget@sf@@VRenderStates@3@@Z)
Particle.obj : error LNK2019: unresolved external symbol "__declspec(dllimport) public: __thiscall sf::View::View(void)" (__imp_??0View@sf@@QAE@XZ) referenced in function "public: __thiscall Particle::Particle(class sf::RenderTarget &,int,class sf::Vector2<int>)" (??0Particle@@QAE@AAVRenderTarget@sf@@HV?$Vector2@H@2@@Z)
Particle.obj : error LNK2019: unresolved external symbol "__declspec(dllimport) public: void __thiscall sf::View::setCenter(float,float)" (__imp_?setCenter@View@sf@@QAEXMM@Z) referenced in function "public: __thiscall Particle::Particle(class sf::RenderTarget &,int,class sf::Vector2<int>)" (??0Particle@@QAE@AAVRenderTarget@sf@@HV?$Vector2@H@2@@Z)
Particle.obj : error LNK2019: unresolved external symbol "__declspec(dllimport) public: void __thiscall sf::View::setSize(float,float)" (__imp_?setSize@View@sf@@QAEXMM@Z) referenced in function "public: __thiscall Particle::Particle(class sf::RenderTarget &,int,class sf::Vector2<int>)" (??0Particle@@QAE@AAVRenderTarget@sf@@HV?$Vector2@H@2@@Z)
Particle.obj : error LNK2019: unresolved external symbol "__declspec(dllimport) public: class sf::Vector2<float> __thiscall sf::RenderTarget::mapPixelToCoords(class sf::Vector2<int> const &,class sf::View const &)const " (__imp_?mapPixelToCoords@RenderTarget@sf@@QBE?AV?$Vector2@M@2@ABV?$Vector2@H@2@ABVView@2@@Z) referenced in function "public: __thiscall Particle::Particle(class sf::RenderTarget &,int,class sf::Vector2<int>)" (??0Particle@@QAE@AAVRenderTarget@sf@@HV?$Vector2@H@2@@Z)
Particle.obj : error LNK2019: unresolved external symbol "__declspec(dllimport) public: class sf::Vector2<int> __thiscall sf::RenderTarget::mapCoordsToPixel(class sf::Vector2<float> const &,class sf::View const &)const " (__imp_?mapCoordsToPixel@RenderTarget@sf@@QBE?AV?$Vector2@H@2@ABV?$Vector2@M@2@ABVView@2@@Z) referenced in function "public: virtual void __thiscall Particle::draw(class sf::RenderTarget &,class sf::RenderStates)const " (?draw@Particle@@UBEXAAVRenderTarget@sf@@VRenderStates@3@@Z)
Particle.obj : error LNK2019: unresolved external symbol "__declspec(dllimport) public: static class sf::Color const sf::Color::White" (__imp_?White@Color@sf@@2V12@B) referenced in function "public: __thiscall Particle::Particle(class sf::RenderTarget &,int,class sf::Vector2<int>)" (??0Particle@@QAE@AAVRenderTarget@sf@@HV?$Vector2@H@2@@Z)
Particle.obj : error LNK2019: unresolved external symbol "__declspec(dllimport) public: static class sf::Color const sf::Color::Blue" (__imp_?Blue@Color@sf@@2V12@B) referenced in function "public: __thiscall Particle::Particle(class sf::RenderTarget &,int,class sf::Vector2<int>)" (??0Particle@@QAE@AAVRenderTarget@sf@@HV?$Vector2@H@2@@Z)
MSVCRTD.lib(exe_winmain.obj) : error LNK2019: unresolved external symbol _WinMain@16 referenced in function "int __cdecl invoke_main(void)" (?invoke_main@@YAHXZ)
C:\SFML\lib\sfml-graphics-d.lib : warning LNK4272: library machine type 'x64' conflicts with target machine type 'x86'
C:\SFML\lib\sfml-window-d.lib : warning LNK4272: library machine type 'x64' conflicts with target machine type 'x86'
C:\SFML\lib\sfml-system-d.lib : warning LNK4272: library machine type 'x64' conflicts with target machine type 'x86'
C:\SFML\lib\sfml-network-d.lib : warning LNK4272: library machine type 'x64' conflicts with target machine type 'x86'
C:\SFML\lib\sfml-audio-d.lib : warning LNK4272: library machine type 'x64' conflicts with target machine type 'x86'
C:\Users\w1553109\source\repos\Particles\Debug\Particles.exe : fatal error LNK1120: 37 unresolved externals
